<?xml version="1.0" encoding="UTF-8"?>
<!-- Generated by org.testng.reporters.JUnitReportReporter -->
<testsuite skipped="0" hostname="Nilmie" name="Test.Login" tests="1" failures="0" timestamp="2020-12-01T13:20:08 IST" time="3.124" errors="0">
  <testcase name="test_Home_Page_Appear_Correct" time="3.124" classname="Test.Login"/>
  <system-out/>
</testsuite> <!-- Test.Login -->
